<?xml version="1.0" encoding="UTF-8"?>
<!-- Generated by org.testng.reporters.JUnitReportReporter -->
<testsuite hostname="Admins-MacBook-Air.local" failures="0" tests="1" name="restassuredTest.ApiTest" time="2.871" errors="0" timestamp="2020-03-04T16:39:48 IST" skipped="0">
  <testcase classname="restassuredTest.ApiTest" name="testapi" time="2.871"/>
</testsuite> <!-- restassuredTest.ApiTest -->
